[2022-06-22 03:04:13] [ ERROR] [GlobalHandlerException:17] Failed to convert value of type 'java.lang.String' to required type 'com.pi_grupo6.pi.model.entity.Product'; nested exception is org.springframework.core.convert.ConversionFailedException: Failed to convert from type [java.lang.String] to type [java.lang.Long] for value 'Loft exclusivo'; nested exception is java.lang.NumberFormatException: For input string: "Loftexclusivo"
[2022-06-22 03:11:20] [ ERROR] [GlobalHandlerException:17] Request method 'GET' not supported
[2022-06-29 01:17:05] [ ERROR] [GlobalHandlerException:17] Incorrect
[2022-06-29 01:27:24] [ ERROR] [GlobalHandlerException:17] Cannot pass null or empty values to constructor
[2022-06-29 01:29:00] [ ERROR] [GlobalHandlerException:17] Incorrect
[2022-06-29 01:52:43] [ ERROR] [GlobalHandlerException:17] Incorrect
[2022-06-29 01:52:57] [ ERROR] [GlobalHandlerException:17] Cannot invoke "com.pi_grupo6.pi.model.entity.User.getRoles()" because "user" is null
[2022-06-29 02:17:05] [ ERROR] [GlobalHandlerException:17] Incorrect
[2022-06-29 02:26:47] [ ERROR] [GlobalHandlerException:17] could not execute statement; SQL [n/a]; constraint [null]; nested exception is org.hibernate.exception.ConstraintViolationException: could not execute statement
[2022-06-29 03:05:17] [ ERROR] [GlobalHandlerException:17] Cannot invoke "com.pi_grupo6.pi.model.entity.User.getRoles()" because "user" is null
[2022-06-29 04:18:38] [ ERROR] [GlobalHandlerException:17] JSON parse error: Unexpected character ('/' (code 47)): maybe a (non-standard) comment? (not recognized as one since Feature 'ALLOW_COMMENTS' not enabled for parser); nested exception is com.fasterxml.jackson.core.JsonParseException: Unexpected character ('/' (code 47)): maybe a (non-standard) comment? (not recognized as one since Feature 'ALLOW_COMMENTS' not enabled for parser)
 at [Source: (org.springframework.util.StreamUtils$NonClosingInputStream); line: 4, column: 6]
[2022-06-29 04:23:56] [ ERROR] [GlobalHandlerException:17] could not execute statement; SQL [n/a]; constraint [null]; nested exception is org.hibernate.exception.ConstraintViolationException: could not execute statement
[2022-06-29 04:28:49] [ ERROR] [GlobalHandlerException:17] Unable to find com.pi_grupo6.pi.model.entity.City with id 3; nested exception is javax.persistence.EntityNotFoundException: Unable to find com.pi_grupo6.pi.model.entity.City with id 3
[2022-06-29 04:29:30] [ ERROR] [GlobalHandlerException:17] Unable to find com.pi_grupo6.pi.model.entity.Feature with id 3; nested exception is javax.persistence.EntityNotFoundException: Unable to find com.pi_grupo6.pi.model.entity.Feature with id 3
[2022-06-29 04:30:27] [ ERROR] [GlobalHandlerException:17] Unable to find com.pi_grupo6.pi.model.entity.Product with id 1; nested exception is javax.persistence.EntityNotFoundException: Unable to find com.pi_grupo6.pi.model.entity.Product with id 1
[2022-06-29 04:31:25] [ ERROR] [GlobalHandlerException:17] could not execute statement; SQL [n/a]; constraint [roles.PRIMARY]; nested exception is org.hibernate.exception.ConstraintViolationException: could not execute statement
[2022-06-29 04:52:19] [ ERROR] [GlobalHandlerException:17] could not execute statement; SQL [n/a]; constraint [users.UK_6dotkott2kjsp8vw4d0m25fb7]; nested exception is org.hibernate.exception.ConstraintViolationException: could not execute statement
[2022-06-29 04:55:31] [ ERROR] [GlobalHandlerException:17] could not execute statement; SQL [n/a]; constraint [users.UK_6dotkott2kjsp8vw4d0m25fb7]; nested exception is org.hibernate.exception.ConstraintViolationException: could not execute statement
[2022-06-29 12:28:47] [ ERROR] [GlobalHandlerException:17] query did not return a unique result: 2; nested exception is javax.persistence.NonUniqueResultException: query did not return a unique result: 2
[2022-06-29 13:48:30] [ ERROR] [GlobalHandlerException:17] query did not return a unique result: 3; nested exception is javax.persistence.NonUniqueResultException: query did not return a unique result: 3
[2022-06-30 15:31:51] [ ERROR] [GlobalHandlerException:17] not-null property references a null or transient value : com.pi_grupo6.pi.model.entity.Product.cancellation_policies; nested exception is org.hibernate.PropertyValueException: not-null property references a null or transient value : com.pi_grupo6.pi.model.entity.Product.cancellation_policies
[2022-06-30 15:41:49] [ ERROR] [GlobalHandlerException:17] Content type 'text/plain;charset=UTF-8' not supported
[2022-06-30 15:55:48] [ ERROR] [GlobalHandlerException:17] not-null property references a null or transient value : com.pi_grupo6.pi.model.entity.Product.rules_and_procedure; nested exception is org.hibernate.PropertyValueException: not-null property references a null or transient value : com.pi_grupo6.pi.model.entity.Product.rules_and_procedure
[2022-06-30 17:41:07] [ ERROR] [GlobalHandlerException:17] could not execute statement; SQL [n/a]; constraint [null]; nested exception is org.hibernate.exception.ConstraintViolationException: could not execute statement
[2022-06-30 18:56:49] [ ERROR] [GlobalHandlerException:17] could not execute statement; SQL [n/a]; nested exception is org.hibernate.exception.DataException: could not execute statement
[2022-06-30 19:01:05] [ ERROR] [GlobalHandlerException:17] Unable to find com.pi_grupo6.pi.model.entity.Product with id 1; nested exception is javax.persistence.EntityNotFoundException: Unable to find com.pi_grupo6.pi.model.entity.Product with id 1
[2022-06-30 19:04:19] [ ERROR] [GlobalHandlerException:17] could not execute statement; nested exception is org.hibernate.exception.GenericJDBCException: could not execute statement
[2022-06-30 19:05:28] [ ERROR] [GlobalHandlerException:17] could not execute statement; nested exception is org.hibernate.exception.GenericJDBCException: could not execute statement
[2022-06-30 19:05:53] [ ERROR] [GlobalHandlerException:17] JSON parse error: Cannot deserialize value of type `com.pi_grupo6.pi.model.entity.Product` from Array value (token `JsonToken.START_ARRAY`); nested exception is com.fasterxml.jackson.databind.exc.MismatchedInputException: Cannot deserialize value of type `com.pi_grupo6.pi.model.entity.Product` from Array value (token `JsonToken.START_ARRAY`)
 at [Source: (org.springframework.util.StreamUtils$NonClosingInputStream); line: 3, column: 17] (through reference chain: com.pi_grupo6.pi.model.dto.CancellationDTO["products"])
[2022-06-30 19:22:22] [ ERROR] [GlobalHandlerException:17] could not execute statement; nested exception is org.hibernate.exception.GenericJDBCException: could not execute statement
[2022-07-01 13:54:28] [ ERROR] [GlobalHandlerException:17] could not execute statement; SQL [n/a]; nested exception is org.hibernate.exception.DataException: could not execute statement
[2022-07-01 15:59:55] [ ERROR] [GlobalHandlerException:17] JSON parse error: Cannot deserialize value of type `java.time.LocalDate` from String "2022-07-01 10:00:00": Failed to deserialize java.time.LocalDate: (java.time.format.DateTimeParseException) Text '2022-07-01 10:00:00' could not be parsed, unparsed text found at index 10; nested exception is com.fasterxml.jackson.databind.exc.InvalidFormatException: Cannot deserialize value of type `java.time.LocalDate` from String "2022-07-01 10:00:00": Failed to deserialize java.time.LocalDate: (java.time.format.DateTimeParseException) Text '2022-07-01 10:00:00' could not be parsed, unparsed text found at index 10
 at [Source: (org.springframework.util.StreamUtils$NonClosingInputStream); line: 3, column: 19] (through reference chain: com.pi_grupo6.pi.model.dto.BookingDTO["start_date"])
[2022-07-01 16:04:55] [ ERROR] [GlobalHandlerException:17] could not extract ResultSet; SQL [n/a]; nested exception is org.hibernate.exception.SQLGrammarException: could not extract ResultSet
[2022-07-01 16:07:49] [ ERROR] [GlobalHandlerException:17] could not extract ResultSet; SQL [n/a]; nested exception is org.hibernate.exception.SQLGrammarException: could not extract ResultSet
[2022-07-01 16:08:10] [ ERROR] [GlobalHandlerException:17] Failed to convert value of type 'java.lang.String' to required type 'java.lang.Long'; nested exception is java.lang.NumberFormatException: For input string: "Bariloche"
[2022-07-01 16:08:16] [ ERROR] [GlobalHandlerException:17] could not extract ResultSet; SQL [n/a]; nested exception is org.hibernate.exception.SQLGrammarException: could not extract ResultSet
[2022-07-01 17:29:41] [ ERROR] [GlobalHandlerException:17] could not extract ResultSet; SQL [n/a]; nested exception is org.hibernate.exception.SQLGrammarException: could not extract ResultSet
[2022-07-01 17:34:54] [ ERROR] [GlobalHandlerException:17] could not extract ResultSet; SQL [n/a]; nested exception is org.hibernate.exception.SQLGrammarException: could not extract ResultSet
[2022-07-01 17:36:02] [ ERROR] [GlobalHandlerException:17] could not extract ResultSet; SQL [n/a]; nested exception is org.hibernate.exception.SQLGrammarException: could not extract ResultSet
[2022-07-01 17:36:15] [ ERROR] [GlobalHandlerException:17] could not extract ResultSet; SQL [n/a]; nested exception is org.hibernate.exception.SQLGrammarException: could not extract ResultSet
[2022-07-02 02:34:18] [ ERROR] [GlobalHandlerException:17] Access is denied
[2022-07-02 02:34:33] [ ERROR] [GlobalHandlerException:17] Access is denied
[2022-07-02 02:36:59] [ ERROR] [GlobalHandlerException:17] Access is denied
[2022-07-02 03:11:37] [ ERROR] [GlobalHandlerException:17] Cannot deserialize value of type `com.pi_grupo6.pi.model.dto.SafetyDTO` from Array value (token `JsonToken.START_ARRAY`)
 at [Source: UNKNOWN; byte offset: #UNKNOWN]
[2022-07-02 03:15:24] [ ERROR] [GlobalHandlerException:17] Cannot deserialize value of type `com.pi_grupo6.pi.model.dto.SafetyDTO` from Array value (token `JsonToken.START_ARRAY`)
 at [Source: UNKNOWN; byte offset: #UNKNOWN]
[2022-07-04 05:18:44] [ ERROR] [GlobalHandlerException:17] Required request body is missing: public org.springframework.http.ResponseEntity<?> com.pi_grupo6.pi.controller.BookingController.addBooking(com.pi_grupo6.pi.model.dto.BookingDTO)
[2022-07-04 05:40:57] [ ERROR] [GlobalHandlerException:17] could not execute statement; SQL [n/a]; constraint [null]; nested exception is org.hibernate.exception.ConstraintViolationException: could not execute statement
[2022-07-04 06:10:34] [ ERROR] [GlobalHandlerException:17] could not execute statement; SQL [n/a]; nested exception is org.hibernate.exception.DataException: could not execute statement
[2022-07-04 06:10:34] [ ERROR] [GlobalHandlerException:17] could not execute statement; SQL [n/a]; nested exception is org.hibernate.exception.DataException: could not execute statement
[2022-07-04 06:10:34] [ ERROR] [GlobalHandlerException:17] could not execute statement; SQL [n/a]; nested exception is org.hibernate.exception.DataException: could not execute statement
[2022-07-04 06:10:35] [ ERROR] [GlobalHandlerException:17] could not execute statement; SQL [n/a]; nested exception is org.hibernate.exception.DataException: could not execute statement
[2022-07-04 06:10:35] [ ERROR] [GlobalHandlerException:17] could not execute statement; SQL [n/a]; nested exception is org.hibernate.exception.DataException: could not execute statement
[2022-07-04 06:10:35] [ ERROR] [GlobalHandlerException:17] could not execute statement; SQL [n/a]; nested exception is org.hibernate.exception.DataException: could not execute statement
[2022-07-04 06:10:36] [ ERROR] [GlobalHandlerException:17] could not execute statement; SQL [n/a]; nested exception is org.hibernate.exception.DataException: could not execute statement
[2022-07-04 06:10:36] [ ERROR] [GlobalHandlerException:17] could not execute statement; SQL [n/a]; nested exception is org.hibernate.exception.DataException: could not execute statement
[2022-07-04 06:10:37] [ ERROR] [GlobalHandlerException:17] Unable to find com.pi_grupo6.pi.model.entity.Product with id 1; nested exception is javax.persistence.EntityNotFoundException: Unable to find com.pi_grupo6.pi.model.entity.Product with id 1
[2022-07-04 06:10:38] [ ERROR] [GlobalHandlerException:17] Unable to find com.pi_grupo6.pi.model.entity.Product with id 1; nested exception is javax.persistence.EntityNotFoundException: Unable to find com.pi_grupo6.pi.model.entity.Product with id 1
[2022-07-04 06:10:38] [ ERROR] [GlobalHandlerException:17] Unable to find com.pi_grupo6.pi.model.entity.Product with id 1; nested exception is javax.persistence.EntityNotFoundException: Unable to find com.pi_grupo6.pi.model.entity.Product with id 1
[2022-07-04 06:10:38] [ ERROR] [GlobalHandlerException:17] Unable to find com.pi_grupo6.pi.model.entity.Product with id 1; nested exception is javax.persistence.EntityNotFoundException: Unable to find com.pi_grupo6.pi.model.entity.Product with id 1
[2022-07-04 06:10:38] [ ERROR] [GlobalHandlerException:17] Unable to find com.pi_grupo6.pi.model.entity.Product with id 2; nested exception is javax.persistence.EntityNotFoundException: Unable to find com.pi_grupo6.pi.model.entity.Product with id 2
[2022-07-04 06:10:39] [ ERROR] [GlobalHandlerException:17] Unable to find com.pi_grupo6.pi.model.entity.Product with id 2; nested exception is javax.persistence.EntityNotFoundException: Unable to find com.pi_grupo6.pi.model.entity.Product with id 2
[2022-07-04 06:10:39] [ ERROR] [GlobalHandlerException:17] Unable to find com.pi_grupo6.pi.model.entity.Product with id 2; nested exception is javax.persistence.EntityNotFoundException: Unable to find com.pi_grupo6.pi.model.entity.Product with id 2
[2022-07-04 06:10:39] [ ERROR] [GlobalHandlerException:17] Unable to find com.pi_grupo6.pi.model.entity.Product with id 2; nested exception is javax.persistence.EntityNotFoundException: Unable to find com.pi_grupo6.pi.model.entity.Product with id 2
[2022-07-04 06:10:40] [ ERROR] [GlobalHandlerException:17] Unable to find com.pi_grupo6.pi.model.entity.Product with id 3; nested exception is javax.persistence.EntityNotFoundException: Unable to find com.pi_grupo6.pi.model.entity.Product with id 3
[2022-07-04 06:10:41] [ ERROR] [GlobalHandlerException:17] Unable to find com.pi_grupo6.pi.model.entity.Product with id 3; nested exception is javax.persistence.EntityNotFoundException: Unable to find com.pi_grupo6.pi.model.entity.Product with id 3
[2022-07-04 06:10:41] [ ERROR] [GlobalHandlerException:17] Unable to find com.pi_grupo6.pi.model.entity.Product with id 3; nested exception is javax.persistence.EntityNotFoundException: Unable to find com.pi_grupo6.pi.model.entity.Product with id 3
[2022-07-04 06:10:41] [ ERROR] [GlobalHandlerException:17] Unable to find com.pi_grupo6.pi.model.entity.Product with id 3; nested exception is javax.persistence.EntityNotFoundException: Unable to find com.pi_grupo6.pi.model.entity.Product with id 3
[2022-07-04 06:10:41] [ ERROR] [GlobalHandlerException:17] Unable to find com.pi_grupo6.pi.model.entity.Product with id 4; nested exception is javax.persistence.EntityNotFoundException: Unable to find com.pi_grupo6.pi.model.entity.Product with id 4
[2022-07-04 06:10:42] [ ERROR] [GlobalHandlerException:17] Unable to find com.pi_grupo6.pi.model.entity.Product with id 4; nested exception is javax.persistence.EntityNotFoundException: Unable to find com.pi_grupo6.pi.model.entity.Product with id 4
[2022-07-04 06:10:42] [ ERROR] [GlobalHandlerException:17] Unable to find com.pi_grupo6.pi.model.entity.Product with id 4; nested exception is javax.persistence.EntityNotFoundException: Unable to find com.pi_grupo6.pi.model.entity.Product with id 4
[2022-07-04 06:10:42] [ ERROR] [GlobalHandlerException:17] Unable to find com.pi_grupo6.pi.model.entity.Product with id 4; nested exception is javax.persistence.EntityNotFoundException: Unable to find com.pi_grupo6.pi.model.entity.Product with id 4
[2022-07-04 06:10:43] [ ERROR] [GlobalHandlerException:17] Unable to find com.pi_grupo6.pi.model.entity.Product with id 5; nested exception is javax.persistence.EntityNotFoundException: Unable to find com.pi_grupo6.pi.model.entity.Product with id 5
[2022-07-04 06:10:43] [ ERROR] [GlobalHandlerException:17] Unable to find com.pi_grupo6.pi.model.entity.Product with id 5; nested exception is javax.persistence.EntityNotFoundException: Unable to find com.pi_grupo6.pi.model.entity.Product with id 5
[2022-07-04 06:10:43] [ ERROR] [GlobalHandlerException:17] Unable to find com.pi_grupo6.pi.model.entity.Product with id 5; nested exception is javax.persistence.EntityNotFoundException: Unable to find com.pi_grupo6.pi.model.entity.Product with id 5
[2022-07-04 06:10:43] [ ERROR] [GlobalHandlerException:17] Unable to find com.pi_grupo6.pi.model.entity.Product with id 5; nested exception is javax.persistence.EntityNotFoundException: Unable to find com.pi_grupo6.pi.model.entity.Product with id 5
[2022-07-04 06:10:44] [ ERROR] [GlobalHandlerException:17] Unable to find com.pi_grupo6.pi.model.entity.Product with id 6; nested exception is javax.persistence.EntityNotFoundException: Unable to find com.pi_grupo6.pi.model.entity.Product with id 6
[2022-07-04 06:10:44] [ ERROR] [GlobalHandlerException:17] Unable to find com.pi_grupo6.pi.model.entity.Product with id 6; nested exception is javax.persistence.EntityNotFoundException: Unable to find com.pi_grupo6.pi.model.entity.Product with id 6
[2022-07-04 06:10:44] [ ERROR] [GlobalHandlerException:17] Unable to find com.pi_grupo6.pi.model.entity.Product with id 6; nested exception is javax.persistence.EntityNotFoundException: Unable to find com.pi_grupo6.pi.model.entity.Product with id 6
[2022-07-04 06:10:44] [ ERROR] [GlobalHandlerException:17] Unable to find com.pi_grupo6.pi.model.entity.Product with id 6; nested exception is javax.persistence.EntityNotFoundException: Unable to find com.pi_grupo6.pi.model.entity.Product with id 6
[2022-07-04 06:10:45] [ ERROR] [GlobalHandlerException:17] Unable to find com.pi_grupo6.pi.model.entity.Product with id 7; nested exception is javax.persistence.EntityNotFoundException: Unable to find com.pi_grupo6.pi.model.entity.Product with id 7
[2022-07-04 06:10:45] [ ERROR] [GlobalHandlerException:17] Unable to find com.pi_grupo6.pi.model.entity.Product with id 7; nested exception is javax.persistence.EntityNotFoundException: Unable to find com.pi_grupo6.pi.model.entity.Product with id 7
[2022-07-04 06:10:45] [ ERROR] [GlobalHandlerException:17] Unable to find com.pi_grupo6.pi.model.entity.Product with id 7; nested exception is javax.persistence.EntityNotFoundException: Unable to find com.pi_grupo6.pi.model.entity.Product with id 7
[2022-07-04 06:10:45] [ ERROR] [GlobalHandlerException:17] Unable to find com.pi_grupo6.pi.model.entity.Product with id 7; nested exception is javax.persistence.EntityNotFoundException: Unable to find com.pi_grupo6.pi.model.entity.Product with id 7
[2022-07-04 06:10:45] [ ERROR] [GlobalHandlerException:17] Unable to find com.pi_grupo6.pi.model.entity.Product with id 8; nested exception is javax.persistence.EntityNotFoundException: Unable to find com.pi_grupo6.pi.model.entity.Product with id 8
[2022-07-04 06:10:46] [ ERROR] [GlobalHandlerException:17] Unable to find com.pi_grupo6.pi.model.entity.Product with id 8; nested exception is javax.persistence.EntityNotFoundException: Unable to find com.pi_grupo6.pi.model.entity.Product with id 8
[2022-07-04 06:10:46] [ ERROR] [GlobalHandlerException:17] Unable to find com.pi_grupo6.pi.model.entity.Product with id 8; nested exception is javax.persistence.EntityNotFoundException: Unable to find com.pi_grupo6.pi.model.entity.Product with id 8
[2022-07-04 06:10:46] [ ERROR] [GlobalHandlerException:17] Unable to find com.pi_grupo6.pi.model.entity.Product with id 8; nested exception is javax.persistence.EntityNotFoundException: Unable to find com.pi_grupo6.pi.model.entity.Product with id 8
[2022-07-04 06:21:23] [ ERROR] [GlobalHandlerException:17] could not execute statement; SQL [n/a]; nested exception is org.hibernate.exception.DataException: could not execute statement
[2022-07-04 07:10:56] [ ERROR] [GlobalHandlerException:17] could not execute statement; SQL [n/a]; constraint [roles.PRIMARY]; nested exception is org.hibernate.exception.ConstraintViolationException: could not execute statement
[2022-07-04 07:17:55] [ ERROR] [GlobalHandlerException:17] could not execute statement; SQL [n/a]; constraint [roles.PRIMARY]; nested exception is org.hibernate.exception.ConstraintViolationException: could not execute statement
[2022-07-04 07:29:04] [ ERROR] [GlobalHandlerException:17] could not execute statement; SQL [n/a]; constraint [roles.PRIMARY]; nested exception is org.hibernate.exception.ConstraintViolationException: could not execute statement
[2022-07-05 05:41:59] [ ERROR] [GlobalHandlerException:17] could not execute statement; SQL [n/a]; constraint [null]; nested exception is org.hibernate.exception.ConstraintViolationException: could not execute statement
[2022-07-05 05:43:27] [ ERROR] [GlobalHandlerException:17] could not execute statement; SQL [n/a]; constraint [null]; nested exception is org.hibernate.exception.ConstraintViolationException: could not execute statement
[2022-07-05 05:44:48] [ ERROR] [GlobalHandlerException:17] JSON parse error: Cannot deserialize value of type `java.lang.Boolean` from String "No": only "true" or "false" recognized; nested exception is com.fasterxml.jackson.databind.exc.InvalidFormatException: Cannot deserialize value of type `java.lang.Boolean` from String "No": only "true" or "false" recognized
 at [Source: (org.springframework.util.StreamUtils$NonClosingInputStream); line: 3, column: 19] (through reference chain: com.pi_grupo6.pi.model.dto.BookingDTO["vaccinated"])
[2022-07-05 05:47:16] [ ERROR] [GlobalHandlerException:17] could not execute statement; SQL [n/a]; constraint [null]; nested exception is org.hibernate.exception.ConstraintViolationException: could not execute statement
[2022-07-05 05:50:27] [ ERROR] [GlobalHandlerException:17] Access is denied
[2022-07-05 16:49:20] [ ERROR] [GlobalHandlerException:17] Request method 'GET' not supported
[2022-07-05 16:51:58] [ ERROR] [GlobalHandlerException:23] ID 2 not found
